#
# There is insufficient memory for the Java Runtime Environment to continue.
# Native memory allocation (malloc) failed to allocate 32744 bytes for ChunkPool::allocate
# Possible reasons:
#   The system is out of physical RAM or swap space
#   In 32 bit mode, the process size limit was hit
# Possible solutions:
#   Reduce memory load on the system
#   Increase physical memory or swap space
#   Check if swap backing store is full
#   Use 64 bit Java on a 64 bit OS
#   Decrease Java heap size (-Xmx/-Xms)
#   Decrease number of Java threads
#   Decrease Java thread stack sizes (-Xss)
#   Set larger code cache with -XX:ReservedCodeCacheSize=
# This output file may be truncated or incomplete.
#
#  Out of Memory Error (allocation.cpp:273), pid=7068, tid=6840
#
# JRE version: Java(TM) SE Runtime Environment (8.0_77-b03) (build 1.8.0_77-b03)
# Java VM: Java HotSpot(TM) 64-Bit Server VM (25.77-b03 mixed mode windows-amd64 compressed oops)
# Failed to write core dump. Minidumps are not enabled by default on client versions of Windows
#

---------------  T H R E A D  ---------------

Current thread (0x000000005660a800):  JavaThread "C2 CompilerThread0" daemon [_thread_in_native, id=6840, stack(0x0000000056e70000,0x0000000056f70000)]

Stack: [0x0000000056e70000,0x0000000056f70000]
[error occurred during error reporting (printing stack bounds), id 0xc0000005]

Native frames: (J=compiled Java code, j=interpreted, Vv=VM code, C=native code)


Current CompileTask:
C2:   9001 2623       4       com.android.dx.cf.direct.StdAttributeFactory::parse0 (532 bytes)


---------------  P R O C E S S  ---------------

Java Threads: ( => current thread )
  0x00000000568eb800 JavaThread "pool-2-thread-4" [_thread_blocked, id=5860, stack(0x0000000059250000,0x0000000059350000)]
  0x00000000568eb000 JavaThread "pool-2-thread-3" [_thread_in_Java, id=5560, stack(0x0000000059080000,0x0000000059180000)]
  0x00000000579ce000 JavaThread "pool-2-thread-2" [_thread_in_Java, id=5448, stack(0x0000000058e80000,0x0000000058f80000)]
  0x0000000057804000 JavaThread "pool-3-thread-1" [_thread_blocked, id=6720, stack(0x0000000056b90000,0x0000000056c90000)]
  0x0000000057561000 JavaThread "pool-2-thread-1" [_thread_blocked, id=5756, stack(0x0000000058d60000,0x0000000058e60000)]
  0x00000000566b7000 JavaThread "Service Thread" daemon [_thread_blocked, id=4940, stack(0x00000000570d0000,0x00000000571d0000)]
  0x0000000056629000 JavaThread "C1 CompilerThread2" daemon [_thread_blocked, id=7928, stack(0x00000000571d0000,0x00000000572d0000)]
  0x0000000056628000 JavaThread "C2 CompilerThread1" daemon [_thread_in_native, id=3796, stack(0x0000000056f90000,0x0000000057090000)]
=>0x000000005660a800 JavaThread "C2 CompilerThread0" daemon [_thread_in_native, id=6840, stack(0x0000000056e70000,0x0000000056f70000)]
  0x000000005525f000 JavaThread "Attach Listener" daemon [_thread_blocked, id=8084, stack(0x0000000056c90000,0x0000000056d90000)]
  0x000000005525e000 JavaThread "Signal Dispatcher" daemon [_thread_blocked, id=4028, stack(0x0000000056a30000,0x0000000056b30000)]
  0x000000005523c800 JavaThread "Finalizer" daemon [_thread_blocked, id=5404, stack(0x0000000056500000,0x0000000056600000)]
  0x00000000551f5800 JavaThread "Reference Handler" daemon [_thread_blocked, id=3816, stack(0x0000000056330000,0x0000000056430000)]
  0x000000000261e000 JavaThread "main" [_thread_in_Java, id=2236, stack(0x0000000002760000,0x0000000002860000)]

Other Threads:
  0x00000000551ee000 VMThread [stack: 0x0000000056190000,0x0000000056290000] [id=4828]
  0x00000000566e7000 WatcherThread [stack: 0x0000000057450000,0x0000000057550000] [id=7632]

VM state:not at safepoint (normal execution)

VM Mutex/Monitor currently owned by a thread: None

Heap:
 PSYoungGen      total 270848K, used 267759K [0x00000000eab00000, 0x0000000100000000, 0x0000000100000000)
  eden space 192512K, 98% used [0x00000000eab00000,0x00000000f63ff038,0x00000000f6700000)
  from space 78336K, 99% used [0x00000000f6700000,0x00000000fb37cf68,0x00000000fb380000)
  to   space 78336K, 0% used [0x00000000fb380000,0x00000000fb380000,0x0000000100000000)
 ParOldGen       total 365568K, used 227683K [0x00000000c0000000, 0x00000000d6500000, 0x00000000eab00000)
  object space 365568K, 62% used [0x00000000c0000000,0x00000000cde58cf0,0x00000000d6500000)
 Metaspace       used 6687K, capacity 7320K, committed 7680K, reserved 1056768K
  class space    used 630K, capacity 656K, committed 768K, reserved 1048576K

Card table byte_map: [0x0000000011c20000,0x0000000011e30000] byte_map_base: 0x0000000011620000

Marking Bits: (ParMarkBitMap*) 0x000000006a230600
 Begin Bits: [0x0000000012660000, 0x0000000013660000)
 End Bits:   [0x0000000013660000, 0x0000000014660000)

Polling page: 0x0000000000140000

CodeCache: size=245760Kb used=12289Kb max_used=12289Kb free=233470Kb
 bounds [0x0000000002860000, 0x0000000003470000, 0x0000000011860000]
 total_blobs=2912 nmethods=2640 adapters=184
 compilation: enabled

Compilation events (10 events):
Event: 8.848 Thread 0x000000005660a800 nmethod 2461 0x0000000003435690 code [0x00000000034357c0, 0x0000000003435918]
Event: 8.848 Thread 0x000000005660a800 2699       4       com.android.dx.rop.cst.CstInteger::make (47 bytes)
Event: 8.850 Thread 0x000000005660a800 nmethod 2699 0x0000000003435310 code [0x0000000003435460, 0x00000000034355d8]
Event: 8.850 Thread 0x000000005660a800 2623       4       com.android.dx.cf.direct.StdAttributeFactory::parse0 (532 bytes)
Event: 8.902 Thread 0x0000000056629000 2748       3       com.android.dx.cf.code.BaseMachine::popArgs (127 bytes)
Event: 8.902 Thread 0x0000000056629000 nmethod 2748 0x00000000034643d0 code [0x00000000034646e0, 0x0000000003465fc8]
Event: 8.939 Thread 0x0000000056629000 2751       3       com.android.dx.rop.code.LocalVariableExtractor::processBlock (327 bytes)
Event: 8.942 Thread 0x0000000056629000 nmethod 2751 0x0000000003466c10 code [0x0000000003467080, 0x000000000346aa18]
Event: 8.948 Thread 0x0000000056629000 2752       3       com.android.dx.ssa.back.LivenessAnalyzer::constructInterferenceGraph (47 bytes)
Event: 8.948 Thread 0x0000000056629000 nmethod 2752 0x0000000003434b90 code [0x0000000003434d40, 0x0000000003435158]

GC Heap History (10 events):
Event: 5.940 GC heap before
{Heap before GC invocations=16 (full 2):
 PSYoungGen      total 283648K, used 253023K [0x00000000eab00000, 0x0000000100000000, 0x0000000100000000)
  eden space 218112K, 100% used [0x00000000eab00000,0x00000000f8000000,0x00000000f8000000)
  from space 65536K, 53% used [0x00000000f8000000,0x00000000fa217e70,0x00000000fc000000)
  to   space 65536K, 0% used [0x00000000fc000000,0x00000000fc000000,0x0000000100000000)
 ParOldGen       total 216064K, used 154722K [0x00000000c0000000, 0x00000000cd300000, 0x00000000eab00000)
  object space 216064K, 71% used [0x00000000c0000000,0x00000000c9718bf8,0x00000000cd300000)
 Metaspace       used 6662K, capacity 7320K, committed 7680K, reserved 1056768K
  class space    used 629K, capacity 656K, committed 768K, reserved 1048576K
Event: 6.014 GC heap after
Heap after GC invocations=16 (full 2):
 PSYoungGen      total 261120K, used 65526K [0x00000000eab00000, 0x0000000100000000, 0x0000000100000000)
  eden space 195584K, 0% used [0x00000000eab00000,0x00000000eab00000,0x00000000f6a00000)
  from space 65536K, 99% used [0x00000000fc000000,0x00000000ffffda98,0x0000000100000000)
  to   space 76800K, 0% used [0x00000000f6a00000,0x00000000f6a00000,0x00000000fb500000)
 ParOldGen       total 216064K, used 155098K [0x00000000c0000000, 0x00000000cd300000, 0x00000000eab00000)
  object space 216064K, 71% used [0x00000000c0000000,0x00000000c9776888,0x00000000cd300000)
 Metaspace       used 6662K, capacity 7320K, committed 7680K, reserved 1056768K
  class space    used 629K, capacity 656K, committed 768K, reserved 1048576K
}
Event: 6.377 GC heap before
{Heap before GC invocations=17 (full 2):
 PSYoungGen      total 261120K, used 261110K [0x00000000eab00000, 0x0000000100000000, 0x0000000100000000)
  eden space 195584K, 100% used [0x00000000eab00000,0x00000000f6a00000,0x00000000f6a00000)
  from space 65536K, 99% used [0x00000000fc000000,0x00000000ffffda98,0x0000000100000000)
  to   space 76800K, 0% used [0x00000000f6a00000,0x00000000f6a00000,0x00000000fb500000)
 ParOldGen       total 216064K, used 155098K [0x00000000c0000000, 0x00000000cd300000, 0x00000000eab00000)
  object space 216064K, 71% used [0x00000000c0000000,0x00000000c9776888,0x00000000cd300000)
 Metaspace       used 6676K, capacity 7320K, committed 7680K, reserved 1056768K
  class space    used 629K, capacity 656K, committed 768K, reserved 1048576K
Event: 6.463 GC heap after
Heap after GC invocations=17 (full 2):
 PSYoungGen      total 272384K, used 29423K [0x00000000eab00000, 0x0000000100000000, 0x0000000100000000)
  eden space 195584K, 0% used [0x00000000eab00000,0x00000000eab00000,0x00000000f6a00000)
  from space 76800K, 38% used [0x00000000f6a00000,0x00000000f86bbf20,0x00000000fb500000)
  to   space 72192K, 0% used [0x00000000fb980000,0x00000000fb980000,0x0000000100000000)
 ParOldGen       total 220160K, used 219819K [0x00000000c0000000, 0x00000000cd700000, 0x00000000eab00000)
  object space 220160K, 99% used [0x00000000c0000000,0x00000000cd6aad30,0x00000000cd700000)
 Metaspace       used 6676K, capacity 7320K, committed 7680K, reserved 1056768K
  class space    used 629K, capacity 656K, committed 768K, reserved 1048576K
}
Event: 6.463 GC heap before
{Heap before GC invocations=18 (full 3):
 PSYoungGen      total 272384K, used 29423K [0x00000000eab00000, 0x0000000100000000, 0x0000000100000000)
  eden space 195584K, 0% used [0x00000000eab00000,0x00000000eab00000,0x00000000f6a00000)
  from space 76800K, 38% used [0x00000000f6a00000,0x00000000f86bbf20,0x00000000fb500000)
  to   space 72192K, 0% used [0x00000000fb980000,0x00000000fb980000,0x0000000100000000)
 ParOldGen       total 220160K, used 219819K [0x00000000c0000000, 0x00000000cd700000, 0x00000000eab00000)
  object space 220160K, 99% used [0x00000000c0000000,0x00000000cd6aad30,0x00000000cd700000)
 Metaspace       used 6676K, capacity 7320K, committed 7680K, reserved 1056768K
  class space    used 629K, capacity 656K, committed 768K, reserved 1048576K
Event: 7.503 GC heap after
Heap after GC invocations=18 (full 3):
 PSYoungGen      total 272384K, used 26648K [0x00000000eab00000, 0x0000000100000000, 0x0000000100000000)
  eden space 195584K, 0% used [0x00000000eab00000,0x00000000eab00000,0x00000000f6a00000)
  from space 76800K, 34% used [0x00000000f6a00000,0x00000000f84060a8,0x00000000fb500000)
  to   space 72192K, 0% used [0x00000000fb980000,0x00000000fb980000,0x0000000100000000)
 ParOldGen       total 365568K, used 219857K [0x00000000c0000000, 0x00000000d6500000, 0x00000000eab00000)
  object space 365568K, 60% used [0x00000000c0000000,0x00000000cd6b4418,0x00000000d6500000)
 Metaspace       used 6676K, capacity 7320K, committed 7680K, reserved 1056768K
  class space    used 629K, capacity 656K, committed 768K, reserved 1048576K
}
Event: 7.889 GC heap before
{Heap before GC invocations=19 (full 3):
 PSYoungGen      total 272384K, used 222232K [0x00000000eab00000, 0x0000000100000000, 0x0000000100000000)
  eden space 195584K, 100% used [0x00000000eab00000,0x00000000f6a00000,0x00000000f6a00000)
  from space 76800K, 34% used [0x00000000f6a00000,0x00000000f84060a8,0x00000000fb500000)
  to   space 72192K, 0% used [0x00000000fb980000,0x00000000fb980000,0x0000000100000000)
 ParOldGen       total 365568K, used 219857K [0x00000000c0000000, 0x00000000d6500000, 0x00000000eab00000)
  object space 365568K, 60% used [0x00000000c0000000,0x00000000cd6b4418,0x00000000d6500000)
 Metaspace       used 6679K, capacity 7320K, committed 7680K, reserved 1056768K
  class space    used 629K, capacity 656K, committed 768K, reserved 1048576K
Event: 8.021 GC heap after
Heap after GC invocations=19 (full 3):
 PSYoungGen      total 264704K, used 57583K [0x00000000eab00000, 0x0000000100000000, 0x0000000100000000)
  eden space 192512K, 0% used [0x00000000eab00000,0x00000000eab00000,0x00000000f6700000)
  from space 72192K, 79% used [0x00000000fb980000,0x00000000ff1bbdf0,0x0000000100000000)
  to   space 78336K, 0% used [0x00000000f6700000,0x00000000f6700000,0x00000000fb380000)
 ParOldGen       total 365568K, used 219865K [0x00000000c0000000, 0x00000000d6500000, 0x00000000eab00000)
  object space 365568K, 60% used [0x00000000c0000000,0x00000000cd6b6418,0x00000000d6500000)
 Metaspace       used 6679K, capacity 7320K, committed 7680K, reserved 1056768K
  class space    used 629K, capacity 656K, committed 768K, reserved 1048576K
}
Event: 8.349 GC heap before
{Heap before GC invocations=20 (full 3):
 PSYoungGen      total 264704K, used 250095K [0x00000000eab00000, 0x0000000100000000, 0x0000000100000000)
  eden space 192512K, 100% used [0x00000000eab00000,0x00000000f6700000,0x00000000f6700000)
  from space 72192K, 79% used [0x00000000fb980000,0x00000000ff1bbdf0,0x0000000100000000)
  to   space 78336K, 0% used [0x00000000f6700000,0x00000000f6700000,0x00000000fb380000)
 ParOldGen       total 365568K, used 219865K [0x00000000c0000000, 0x00000000d6500000, 0x00000000eab00000)
  object space 365568K, 60% used [0x00000000c0000000,0x00000000cd6b6418,0x00000000d6500000)
 Metaspace       used 6686K, capacity 7320K, committed 7680K, reserved 1056768K
  class space    used 629K, capacity 656K, committed 768K, reserved 1048576K
Event: 8.424 GC heap after
Heap after GC invocations=20 (full 3):
 PSYoungGen      total 270848K, used 78323K [0x00000000eab00000, 0x0000000100000000, 0x0000000100000000)
  eden space 192512K, 0% used [0x00000000eab00000,0x00000000eab00000,0x00000000f6700000)
  from space 78336K, 99% used [0x00000000f6700000,0x00000000fb37cf68,0x00000000fb380000)
  to   space 78336K, 0% used [0x00000000fb380000,0x00000000fb380000,0x0000000100000000)
 ParOldGen       total 365568K, used 227683K [0x00000000c0000000, 0x00000000d6500000, 0x00000000eab00000)
  object space 365568K, 62% used [0x00000000c0000000,0x00000000cde58cf0,0x00000000d6500000)
 Metaspace       used 6686K, capacity 7320K, committed 7680K, reserved 1056768K
  class space    used 629K, capacity 656K, committed 768K, reserved 1048576K
}

Deoptimization events (10 events):
Event: 7.693 Thread 0x0000000057561000 Uncommon trap: reason=class_check action=maybe_recompile pc=0x00000000032a56e8 method=com.android.dx.ssa.SCCP.simulateBranch(Lcom/android/dx/ssa/SsaInsn;)V @ 145
Event: 7.825 Thread 0x00000000568eb800 Uncommon trap: reason=speculate_class_check action=maybe_recompile pc=0x00000000033b2408 method=com.android.dx.rop.cst.TypedConstant.getBasicType()I @ 1
Event: 7.854 Thread 0x0000000057561000 Uncommon trap: reason=speculate_class_check action=maybe_recompile pc=0x00000000033b2408 method=com.android.dx.rop.cst.TypedConstant.getBasicType()I @ 1
Event: 7.875 Thread 0x00000000568eb000 Uncommon trap: reason=speculate_class_check action=maybe_recompile pc=0x00000000033b2408 method=com.android.dx.rop.cst.TypedConstant.getBasicType()I @ 1
Event: 7.875 Thread 0x00000000568eb000 Uncommon trap: reason=speculate_class_check action=maybe_recompile pc=0x00000000033b2408 method=com.android.dx.rop.cst.TypedConstant.getBasicType()I @ 1
Event: 8.437 Thread 0x00000000579ce000 Uncommon trap: reason=unstable_if action=reinterpret pc=0x00000000033ef714 method=com.android.dx.rop.code.DexTranslationAdvice.hasConstantOperation(Lcom/android/dx/rop/code/Rop;Lcom/android/dx/rop/code/RegisterSpec;Lcom/android/dx/rop/code/RegisterSpec;)Z 
Event: 8.640 Thread 0x00000000568eb800 Uncommon trap: reason=unstable_if action=reinterpret pc=0x000000000335dacc method=java.lang.Integer.valueOf(I)Ljava/lang/Integer; @ 10
Event: 8.897 Thread 0x0000000057561000 Uncommon trap: reason=unstable_if action=reinterpret pc=0x000000000345ac68 method=com.android.dx.cf.code.Merger.isPossiblyAssignableFrom(Lcom/android/dx/rop/type/TypeBearer;Lcom/android/dx/rop/type/TypeBearer;)Z @ 131
Event: 8.939 Thread 0x00000000568eb800 Uncommon trap: reason=unstable_if action=reinterpret pc=0x00000000033201c4 method=java.util.ArrayList.<init>(I)V @ 5
Event: 8.939 Thread 0x00000000568eb800 Uncommon trap: reason=unstable_if action=reinterpret pc=0x00000000032adfc4 method=com.android.dx.rop.code.RegisterSpecSet.<init>(I)V @ 2

Internal exceptions (7 events):
Event: 0.044 Thread 0x000000000261e000 Exception <a 'java/lang/NoSuchMethodError': Method sun.misc.Unsafe.defineClass(Ljava/lang/String;[BII)Ljava/lang/Class; name or signature does not match> (0x00000000eab07cc0) thrown at [D:\re\workspace\8-2-build-windows-amd64-cygwin\jdk8u77\6540\hotspot\sr^=ÌS®¦?
Event: 0.044 Thread 0x000000000261e000 Exception <a 'java/lang/NoSuchMethodError': Method sun.misc.Unsafe.prefetchRead(Ljava/lang/Object;J)V name or signature does not match> (0x00000000eab07fa8) thrown at [D:\re\workspace\8-2-build-windows-amd64-cygwin\jdk8u77\6540\hotspot\src\share\vm\prims\jºGT®¨¡ä?
Event: 0.645 Thread 0x000000000261e000 Implicit null exception at 0x0000000002b55734 to 0x0000000002b57f69
Event: 0.735 Thread 0x000000000261e000 Implicit null exception at 0x0000000002b4dedd to 0x0000000002b4e065
Event: 1.564 Thread 0x00000000579ce000 Exception <a 'java/lang/ArrayIndexOutOfBoundsException': 18> (0x00000000ee3e4b40) thrown at [D:\re\workspace\8-2-build-windows-amd64-cygwin\jdk8u77\6540\hotspot\src\share\vm\interpreter\interpreterRuntime.cpp, line 366]
Event: 1.564 Thread 0x00000000579ce000 Exception <a 'java/lang/ArrayIndexOutOfBoundsException': 145> (0x00000000ee3e66c0) thrown at [D:\re\workspace\8-2-build-windows-amd64-cygwin\jdk8u77\6540\hotspot\src\share\vm\interpreter\interpreterRuntime.cpp, line 366]
Event: 1.566 Thread 0x00000000579ce000 Exception <a 'java/lang/ArrayIndexOutOfBoundsException'> (0x00000000ee3e79a8) thrown at [D:\re\workspace\8-2-build-windows-amd64-cygwin\jdk8u77\6540\hotspot\src\share\vm\runtime\sharedRuntime.cpp, line 605]

Events (10 events):
Event: 8.935 Thread 0x00000000568eb800 DEOPT PACKING pc=0x0000000002c20658 sp=0x000000005934e4e0
Event: 8.935 Thread 0x00000000568eb800 DEOPT UNPACKING pc=0x00000000028a787f sp=0x000000005934e228 mode 0
Event: 8.937 Thread 0x00000000568eb800 DEOPT PACKING pc=0x0000000002c5d504 sp=0x000000005934e540
Event: 8.937 Thread 0x00000000568eb800 DEOPT UNPACKING pc=0x00000000028a787f sp=0x000000005934e220 mode 0
Event: 8.939 Thread 0x00000000568eb800 Uncommon trap: trap_request=0xffffff65 fr.pc=0x00000000033201c4
Event: 8.939 Thread 0x00000000568eb800 DEOPT PACKING pc=0x00000000033201c4 sp=0x000000005934e610
Event: 8.939 Thread 0x00000000568eb800 DEOPT UNPACKING pc=0x00000000028a582a sp=0x000000005934e548 mode 2
Event: 8.939 Thread 0x00000000568eb800 Uncommon trap: trap_request=0xffffff65 fr.pc=0x00000000032adfc4
Event: 8.939 Thread 0x00000000568eb800 DEOPT PACKING pc=0x00000000032adfc4 sp=0x000000005934e660
Event: 8.939 Thread 0x00000000568eb800 DEOPT UNPACKING pc=0x00000000028a582a sp=0x000000005934e588 mode 2


Dynamic libraries:
0x000000013f480000 - 0x000000013f4b7000 	C:\Program Files\Java\jdk1.8.0_77\bin\java.exe
0x0000000077800000 - 0x00000000779a9000 	C:\windows\SYSTEM32\ntdll.dll
0x00000000776e0000 - 0x00000000777ff000 	C:\windows\system32\kernel32.dll
0x000007fefd8e0000 - 0x000007fefd94b000 	C:\windows\system32\KERNELBASE.dll
0x000007fefdc00000 - 0x000007fefdcdb000 	C:\windows\system32\ADVAPI32.dll
0x000007fefe6d0000 - 0x000007fefe76f000 	C:\windows\system32\msvcrt.dll
0x000007fefe6b0000 - 0x000007fefe6cf000 	C:\windows\SYSTEM32\sechost.dll
0x000007fefdce0000 - 0x000007fefde0d000 	C:\windows\system32\RPCRT4.dll
0x00000000775e0000 - 0x00000000776da000 	C:\windows\system32\USER32.dll
0x000007fefe930000 - 0x000007fefe997000 	C:\windows\system32\GDI32.dll
0x000007fefe1f0000 - 0x000007fefe1fe000 	C:\windows\system32\LPK.dll
0x000007fefe9a0000 - 0x000007fefea69000 	C:\windows\system32\USP10.dll
0x000007fefbf40000 - 0x000007fefc134000 	C:\windows\WinSxS\amd64_microsoft.windows.common-controls_6595b64144ccf1df_6.0.7601.17514_none_fa396087175ac9ac\COMCTL32.dll
0x000007fefe770000 - 0x000007fefe7e1000 	C:\windows\system32\SHLWAPI.dll
0x000007fefdff0000 - 0x000007fefe01e000 	C:\windows\system32\IMM32.DLL
0x000007fefe5a0000 - 0x000007fefe6a9000 	C:\windows\system32\MSCTF.dll
0x0000000071950000 - 0x0000000071a22000 	C:\Program Files\Java\jdk1.8.0_77\jre\bin\msvcr100.dll
0x0000000069a20000 - 0x000000006a2b0000 	C:\Program Files\Java\jdk1.8.0_77\jre\bin\server\jvm.dll
0x000007fefc5f0000 - 0x000007fefc5f9000 	C:\windows\system32\WSOCK32.dll
0x000007fefe1a0000 - 0x000007fefe1ed000 	C:\windows\system32\WS2_32.dll
0x000007fefe920000 - 0x000007fefe928000 	C:\windows\system32\NSI.dll
0x000007fef4ce0000 - 0x000007fef4d1b000 	C:\windows\system32\WINMM.dll
0x000007fefc8b0000 - 0x000007fefc8bc000 	C:\windows\system32\VERSION.dll
0x00000000779d0000 - 0x00000000779d7000 	C:\windows\system32\PSAPI.DLL
0x00000000753b0000 - 0x00000000753bf000 	C:\Program Files\Java\jdk1.8.0_77\jre\bin\verify.dll
0x0000000075380000 - 0x00000000753a9000 	C:\Program Files\Java\jdk1.8.0_77\jre\bin\java.dll
0x0000000075350000 - 0x0000000075366000 	C:\Program Files\Java\jdk1.8.0_77\jre\bin\zip.dll
0x000007fefeca0000 - 0x000007feffa28000 	C:\windows\system32\SHELL32.dll
0x000007fefea90000 - 0x000007fefec93000 	C:\windows\system32\ole32.dll
0x000007fefd750000 - 0x000007fefd75f000 	C:\windows\system32\profapi.dll

VM Arguments:
jvm_args: -Djava.awt.headless=true -Xmx1024M -Dfile.encoding=x-windows-950 -Duser.country=TW -Duser.language=zh -Duser.variant 
java_command: com.android.dx.command.Main --dex --num-threads=4 --multi-dex --main-dex-list D:\CMAPP\app\build\intermediates\multi-dex\debug\maindexlist.txt --output D:\CMAPP\app\build\intermediates\transforms\dex\debug\folders\1000\1f\main D:\CMAPP\app\build\intermediates\transforms\jarMerging\debug\jars\1\1f\combined.jar
java_class_path (initial): D:\ProgramFiles\Android\sdk\build-tools\23.0.3\lib\dx.jar
Launcher Type: SUN_STANDARD

Environment Variables:
JAVA_HOME=C:\Program Files\Java\jdk1.8.0_77
CLASSPATH=C:\Program Files\Java\jdk1.8.0_77\lib\dt.jar;C:\Program Files\Java\jdk1.8.0_77\lib\tools.jar;
PATH=C:\ProgramData\Oracle\Java\javapath;C:\windows\system32;C:\windows;C:\windows\System32\Wbem;C:\windows\System32\WindowsPowerShell\v1.0\;C:\Program Files (x86)\ATI Technologies\ATI.ACE\Core-Static;C:\Program Files\Java\jdk1.8.0_77\lib;C:\Program Files\Java\jdk1.8.0_77\bin;C:\Program Files\Java\jdk1.8.0_77\jre;
USERNAME=Administrator
OS=Windows_NT
PROCESSOR_IDENTIFIER=Intel64 Family 6 Model 42 Stepping 7, GenuineIntel



---------------  S Y S T E M  ---------------

OS: Windows 7 , 64 bit Build 7601 (6.1.7601.17514)

CPU:total 4 (4 cores per cpu, 1 threads per core) family 6 model 42 stepping 7, cmov, cx8, fxsr, mmx, sse, sse2, sse3, ssse3, sse4.1, sse4.2, popcnt, avx, aes, clmul, tsc, tscinvbit

Memory: 4k page, physical 6176872k(416296k free), swap 6175028k(5124k free)

vm_info: Java HotSpot(TM) 64-Bit Server VM (25.77-b03) for windows-amd64 JRE (1.8.0_77-b03), built on Mar 20 2016 22:01:33 by "java_re" with MS VC++ 10.0 (VS2010)

time: Tue Aug 16 16:33:42 2016
elapsed time: 9 seconds (0d 0h 0m 9s)

